Build started 2016-05-28 01:16:33.
     1>Project "E:\Users\Ramazan\Dropbox\Programmering\SFMLProject\SFMLProject\SFMLProject.vcxproj" on node 2 (Build target(s)).
     1>ClCompile:
         C:\VS\VC\bin\CL.exe /c /ZI /nologo /W3 /WX- /sdl /Od /Oy- /D _MBCS /Gm /EHsc /RTC1 /MDd /GS /fp:precise /Zc:wchar_t /Zc:forScope /Zc:inline /Fo"Debug\\" /Fd"Debug\vc140.pdb" /Gd /TP /analyze- /errorReport:prompt Game.cpp Main.cpp Map.cpp
         Map.cpp
     1>e:\users\ramazan\dropbox\programmering\sfmlproject\sfmlproject\map.cpp(13): warning C4244: '=': conversion from 'float' to 'int', possible loss of data
     1>e:\users\ramazan\dropbox\programmering\sfmlproject\sfmlproject\map.cpp(17): warning C4244: '=': conversion from 'unsigned int' to 'float', possible loss of data
     1>e:\users\ramazan\dropbox\programmering\sfmlproject\sfmlproject\map.cpp(18): warning C4244: 'argument': conversion from 'float' to 'unsigned int', possible loss of data
     1>e:\users\ramazan\dropbox\programmering\sfmlproject\sfmlproject\map.cpp(19): warning C4244: 'argument': conversion from 'float' to 'unsigned int', possible loss of data
     1>e:\users\ramazan\dropbox\programmering\sfmlproject\sfmlproject\map.cpp(20): warning C4244: '=': conversion from 'float' to 'int', possible loss of data
     1>e:\users\ramazan\dropbox\programmering\sfmlproject\sfmlproject\map.cpp(21): warning C4244: 'argument': conversion from 'float' to 'unsigned int', possible loss of data
     1>e:\users\ramazan\dropbox\programmering\sfmlproject\sfmlproject\map.cpp(22): warning C4244: '=': conversion from 'float' to 'int', possible loss of data
     1>e:\users\ramazan\dropbox\programmering\sfmlproject\sfmlproject\map.cpp(27): warning C4244: 'argument': conversion from 'time_t' to 'unsigned int', possible loss of data
     1>e:\users\ramazan\dropbox\programmering\sfmlproject\sfmlproject\map.cpp(38): warning C4244: 'argument': conversion from 'int' to 'float', possible loss of data
     1>e:\users\ramazan\dropbox\programmering\sfmlproject\sfmlproject\map.cpp(44): warning C4244: '=': conversion from 'const float' to 'int', possible loss of data
     1>e:\users\ramazan\dropbox\programmering\sfmlproject\sfmlproject\map.cpp(47): warning C4244: 'argument': conversion from 'int' to 'float', possible loss of data
     1>e:\users\ramazan\dropbox\programmering\sfmlproject\sfmlproject\map.cpp(120): warning C4244: 'argument': conversion from 'int' to 'float', possible loss of data
     1>e:\users\ramazan\dropbox\programmering\sfmlproject\sfmlproject\map.cpp(120): warning C4244: 'argument': conversion from 'unsigned int' to 'float', possible loss of data
         Main.cpp
     1>e:\users\ramazan\dropbox\programmering\sfmlproject\sfmlproject\main.cpp(42): warning C4244: 'argument': conversion from 'unsigned int' to 'float', possible loss of data
     1>e:\users\ramazan\dropbox\programmering\sfmlproject\sfmlproject\main.cpp(119): warning C4244: 'argument': conversion from 'int' to 'float', possible loss of data
         Game.cpp
         Generating Code...
       Link:
         C:\VS\VC\bin\link.exe /ERRORREPORT:PROMPT /OUT:"E:\Users\Ramazan\Dropbox\Programmering\SFMLProject\Debug\SFMLProject.exe" /INCREMENTAL /NOLOGO "sfml-graphics-d.lib" "sfml-window-d.lib" "sfml-system-d.lib" kernel32.lib user32.lib gdi32.lib winspool.lib comdlg32.lib advapi32.lib shell32.lib ole32.lib oleaut32.lib uuid.lib odbc32.lib odbccp32.lib /MANIFEST /MANIFESTUAC:"level='asInvoker' uiAccess='false'" /manifest:embed /Debug /PDB:"E:\Users\Ramazan\Dropbox\Programmering\SFMLProject\Debug\SFMLProject.pdb" /TLBID:1 /DYNAMICBASE /NXCOMPAT /IMPLIB:"E:\Users\Ramazan\Dropbox\Programmering\SFMLProject\Debug\SFMLProject.lib" /MACHINE:X86 Debug\Character.obj
         Debug\Game.obj
         Debug\Main.obj
         Debug\Map.obj
         Debug\Particles.obj
         Debug\points.obj
         SFMLProject.vcxproj -> E:\Users\Ramazan\Dropbox\Programmering\SFMLProject\Debug\SFMLProject.exe
     1>Done Building Project "E:\Users\Ramazan\Dropbox\Programmering\SFMLProject\SFMLProject\SFMLProject.vcxproj" (Build target(s)).

Build succeeded.

Time Elapsed 00:00:02.57
